<?xml version="1.0" encoding="UTF-8"?>
<!-- Generated by org.testng.reporters.JUnitReportReporter -->
<testsuite hostname="DESKTOP-SHILAT" failures="0" tests="2" name="SearchTestsSuit.SearchTest" time="41.413" errors="0" timestamp="2022-08-29T21:19:29 IDT" skipped="0">
  <testcase classname="SearchTestsSuit.SearchTest" name="enteringInvalidKeywordTest" time="24.908"/>
  <system-out/>
  <testcase classname="SearchTestsSuit.SearchTest" name="searchResultDisplayedTest" time="16.505"/>
  <system-out/>
</testsuite> <!-- SearchTestsSuit.SearchTest -->
