<?xml version="1.0" encoding="UTF-8"?>
<!-- Generated by org.testng.reporters.JUnitReportReporter -->
<testsuite hostname="DESKTOP-SHILAT" failures="0" tests="2" name="AuthenticationTestSuit.LoginTest" time="63.485" errors="0" timestamp="2022-08-29T21:19:29 IDT" skipped="0">
  <testcase classname="AuthenticationTestSuit.LoginTest" name="illegalEmailTest" time="26.813"/>
  <system-out/>
  <testcase classname="AuthenticationTestSuit.LoginTest" name="succeedLoginTest" time="36.672"/>
  <system-out/>
</testsuite> <!-- AuthenticationTestSuit.LoginTest -->
