<?xml version="1.0" encoding="UTF-8"?>
<!-- Generated by org.testng.reporters.JUnitReportReporter -->
<testsuite hostname="DESKTOP-SHILAT" failures="0" tests="2" name="ShoppingCartTestsSuit.ShoppingCartTest" time="70.092" errors="0" timestamp="2022-08-29T21:19:29 IDT" skipped="0">
  <testcase classname="ShoppingCartTestsSuit.ShoppingCartTest" name="addToCartTest" time="51.600"/>
  <system-out/>
  <testcase classname="ShoppingCartTestsSuit.ShoppingCartTest" name="filterSearchTest" time="18.492"/>
  <system-out/>
</testsuite> <!-- ShoppingCartTestsSuit.ShoppingCartTest -->
