<?xml version="1.0" encoding="UTF-8"?>
<!-- Generated by org.testng.reporters.JUnitReportReporter -->
<testsuite hostname="DESKTOP-SHILAT" failures="0" tests="4" name="AuthenticationTestSuit.RegistrationTest" time="27.585" errors="0" timestamp="2022-08-29T21:19:29 IDT" skipped="0">
  <testcase classname="AuthenticationTestSuit.RegistrationTest" name="passTooShortTest" time="9.682"/>
  <system-out/>
  <testcase classname="AuthenticationTestSuit.RegistrationTest" name="birthdayUnderEighteenTest" time="7.412"/>
  <system-out/>
  <testcase classname="AuthenticationTestSuit.RegistrationTest" name="illegalIdTest" time="5.011"/>
  <system-out/>
  <testcase classname="AuthenticationTestSuit.RegistrationTest" name="succeedRegistrationTest" time="5.480"/>
  <system-out/>
</testsuite> <!-- AuthenticationTestSuit.RegistrationTest -->
